2023-08-18 18:50:19,983 - INFO - Program started. Monitoring config.py file...
2023-08-18 18:50:19,985 - INFO - Directory created: ./app/pages/home
2023-08-18 18:50:19,986 - INFO - File created: ./app/pages/home/start.py
2023-08-18 18:50:41,103 - INFO - Directory __pycache__ removed: ./app/pages/home/__pycache__
2023-08-18 18:50:50,142 - INFO - Directory __pycache__ removed: ./app/pages/home/__pycache__
2023-08-18 18:53:07,910 - INFO - Directory __pycache__ removed: ./app/pages/home/__pycache__
2023-08-18 18:58:21,796 - INFO - Directory __pycache__ removed: ./app/pages/home/__pycache__
2023-08-18 18:59:38,241 - INFO - Directory __pycache__ removed: ./app/pages/home/__pycache__
2023-08-19 08:49:15,348 - INFO - Program started. Monitoring config.py file...
2023-08-19 08:49:15,350 - INFO - Directory __pycache__ removed: ./app/pages/home/__pycache__
2023-08-19 08:49:15,350 - INFO - Directory created: ./app/pages/setup
2023-08-19 08:49:15,350 - INFO - File created: ./app/pages/setup/setup.py
2023-08-19 08:49:15,350 - INFO - File created: ./app/pages/setup/color.py
2023-08-19 08:49:18,368 - INFO - Directory __pycache__ removed: ./app/pages/home/__pycache__
2023-08-19 08:49:18,369 - INFO - Directory __pycache__ removed: ./app/pages/setup/__pycache__
2023-08-19 08:49:23,171 - INFO - Program interrupted. Exiting...
2023-08-19 08:59:45,593 - INFO - Program started. Monitoring config.py file...
2023-08-19 08:59:45,594 - INFO - Directory __pycache__ removed: ./app/pages/home/__pycache__
2023-08-19 08:59:45,595 - INFO - Directory __pycache__ removed: ./app/pages/setup/__pycache__
2023-08-19 08:59:59,686 - INFO - File created: ./app/pages/setup/font.py
2023-08-19 09:00:02,698 - INFO - Directory __pycache__ removed: ./app/pages/home/__pycache__
2023-08-19 09:00:02,699 - INFO - Directory __pycache__ removed: ./app/pages/setup/__pycache__
2023-08-19 09:06:30,068 - INFO - Directory __pycache__ removed: ./app/pages/home/__pycache__
2023-08-19 09:06:30,071 - INFO - Directory __pycache__ removed: ./app/pages/setup/__pycache__
2023-08-19 09:08:22,749 - INFO - Directory __pycache__ removed: ./app/pages/home/__pycache__
2023-08-19 09:08:22,750 - INFO - Directory __pycache__ removed: ./app/pages/setup/__pycache__
2023-08-19 09:08:56,942 - INFO - Directory __pycache__ removed: ./app/pages/home/__pycache__
2023-08-19 09:08:56,944 - INFO - Directory __pycache__ removed: ./app/pages/setup/__pycache__
2023-08-19 09:11:05,758 - INFO - Directory __pycache__ removed: ./app/pages/home/__pycache__
2023-08-19 09:11:05,761 - INFO - Directory __pycache__ removed: ./app/pages/setup/__pycache__
2023-08-19 09:11:15,822 - INFO - File created: ./app/pages/home/run.py
2023-08-19 09:11:18,846 - INFO - Directory __pycache__ removed: ./app/pages/home/__pycache__
2023-08-19 09:11:18,847 - INFO - Directory __pycache__ removed: ./app/pages/setup/__pycache__
2023-08-19 09:12:27,282 - INFO - Directory __pycache__ removed: ./app/pages/home/__pycache__
2023-08-19 09:12:27,286 - INFO - Directory __pycache__ removed: ./app/pages/setup/__pycache__
2023-08-19 09:13:27,652 - INFO - Directory __pycache__ removed: ./app/pages/home/__pycache__
2023-08-19 09:13:27,653 - INFO - Directory __pycache__ removed: ./app/pages/setup/__pycache__
2023-08-19 09:13:30,672 - INFO - Directory __pycache__ removed: ./app/pages/home/__pycache__
2023-08-19 09:13:30,674 - INFO - Directory __pycache__ removed: ./app/pages/setup/__pycache__
2023-08-19 09:13:58,858 - INFO - Directory __pycache__ removed: ./app/pages/home/__pycache__
2023-08-19 09:13:58,859 - INFO - Directory __pycache__ removed: ./app/pages/setup/__pycache__
2023-08-19 09:14:16,972 - INFO - Directory __pycache__ removed: ./app/pages/home/__pycache__
2023-08-19 09:14:16,972 - INFO - Directory __pycache__ removed: ./app/pages/setup/__pycache__
2023-08-19 09:14:22,994 - INFO - Directory __pycache__ removed: ./app/pages/home/__pycache__
2023-08-19 09:14:22,994 - INFO - Directory __pycache__ removed: ./app/pages/setup/__pycache__
2023-08-19 09:14:46,130 - INFO - Directory __pycache__ removed: ./app/pages/home/__pycache__
2023-08-19 09:14:46,133 - INFO - Directory __pycache__ removed: ./app/pages/setup/__pycache__
2023-08-19 09:15:00,214 - INFO - Directory __pycache__ removed: ./app/pages/home/__pycache__
2023-08-19 09:15:00,216 - INFO - Directory __pycache__ removed: ./app/pages/setup/__pycache__
2023-08-19 09:15:18,322 - INFO - Directory __pycache__ removed: ./app/pages/home/__pycache__
2023-08-19 09:15:18,323 - INFO - Directory __pycache__ removed: ./app/pages/setup/__pycache__
2023-08-19 09:15:34,417 - INFO - Directory __pycache__ removed: ./app/pages/home/__pycache__
2023-08-19 09:15:34,418 - INFO - Directory __pycache__ removed: ./app/pages/setup/__pycache__
2023-08-19 09:15:49,496 - INFO - Directory __pycache__ removed: ./app/pages/home/__pycache__
2023-08-19 09:15:49,498 - INFO - Directory __pycache__ removed: ./app/pages/setup/__pycache__
2023-08-19 09:16:09,606 - INFO - Directory __pycache__ removed: ./app/pages/home/__pycache__
2023-08-19 09:16:09,607 - INFO - Directory __pycache__ removed: ./app/pages/setup/__pycache__
2023-08-19 09:16:12,624 - INFO - Directory __pycache__ removed: ./app/pages/home/__pycache__
2023-08-19 09:16:12,624 - INFO - Directory __pycache__ removed: ./app/pages/setup/__pycache__
2023-08-19 09:16:30,728 - INFO - Directory __pycache__ removed: ./app/pages/home/__pycache__
2023-08-19 09:16:30,730 - INFO - Directory __pycache__ removed: ./app/pages/setup/__pycache__
2023-08-19 09:16:55,877 - INFO - Directory __pycache__ removed: ./app/pages/home/__pycache__
2023-08-19 09:16:55,879 - INFO - Directory __pycache__ removed: ./app/pages/setup/__pycache__
2023-08-19 09:17:18,020 - INFO - Directory __pycache__ removed: ./app/pages/home/__pycache__
2023-08-19 09:17:18,021 - INFO - Directory __pycache__ removed: ./app/pages/setup/__pycache__
2023-08-19 09:17:40,152 - INFO - Directory __pycache__ removed: ./app/pages/home/__pycache__
2023-08-19 09:17:40,155 - INFO - Directory __pycache__ removed: ./app/pages/setup/__pycache__
2023-08-19 09:17:47,182 - INFO - Directory __pycache__ removed: ./app/pages/home/__pycache__
2023-08-19 09:17:47,183 - INFO - Directory __pycache__ removed: ./app/pages/setup/__pycache__
2023-08-19 09:18:38,483 - INFO - Directory __pycache__ removed: ./app/pages/home/__pycache__
2023-08-19 09:18:38,485 - INFO - Directory __pycache__ removed: ./app/pages/setup/__pycache__
2023-08-19 09:18:57,596 - INFO - Directory __pycache__ removed: ./app/pages/home/__pycache__
2023-08-19 09:18:57,597 - INFO - Directory __pycache__ removed: ./app/pages/setup/__pycache__
2023-08-19 09:19:53,919 - INFO - Directory __pycache__ removed: ./app/pages/home/__pycache__
2023-08-19 09:19:53,920 - INFO - Directory __pycache__ removed: ./app/pages/setup/__pycache__
2023-08-19 09:27:18,718 - INFO - Directory __pycache__ removed: ./app/pages/home/__pycache__
2023-08-19 09:27:18,720 - INFO - Directory __pycache__ removed: ./app/pages/setup/__pycache__
2023-08-19 09:27:21,737 - INFO - Directory __pycache__ removed: ./app/pages/home/__pycache__
2023-08-19 09:27:21,737 - INFO - Directory __pycache__ removed: ./app/pages/setup/__pycache__
2023-08-19 09:27:39,851 - INFO - Directory __pycache__ removed: ./app/pages/home/__pycache__
2023-08-19 09:27:39,853 - INFO - Directory __pycache__ removed: ./app/pages/setup/__pycache__
2023-08-19 09:27:58,952 - INFO - Directory __pycache__ removed: ./app/pages/home/__pycache__
2023-08-19 09:27:58,953 - INFO - Directory __pycache__ removed: ./app/pages/setup/__pycache__
2023-08-19 09:28:30,133 - INFO - Directory __pycache__ removed: ./app/pages/home/__pycache__
2023-08-19 09:29:42,617 - INFO - Directory __pycache__ removed: ./app/pages/home/__pycache__
2023-08-19 09:30:16,818 - INFO - Directory __pycache__ removed: ./app/pages/home/__pycache__
2023-08-19 09:30:32,922 - INFO - Directory __pycache__ removed: ./app/pages/home/__pycache__
2023-08-19 09:30:32,923 - INFO - Directory __pycache__ removed: ./app/pages/setup/__pycache__
2023-08-19 09:30:58,087 - INFO - Directory __pycache__ removed: ./app/pages/home/__pycache__
2023-08-19 09:30:58,089 - INFO - Directory __pycache__ removed: ./app/pages/setup/__pycache__
2023-08-19 11:47:53,862 - INFO - Directory __pycache__ removed: ./app/pages/home/__pycache__
2023-08-19 11:47:53,865 - INFO - Directory __pycache__ removed: ./app/pages/setup/__pycache__
2023-08-19 11:49:07,309 - INFO - Directory __pycache__ removed: ./app/pages/home/__pycache__
2023-08-19 11:50:34,825 - INFO - Directory __pycache__ removed: ./app/pages/home/__pycache__
2023-08-19 11:50:50,920 - INFO - Directory __pycache__ removed: ./app/pages/home/__pycache__
2023-08-19 11:50:50,921 - INFO - Directory __pycache__ removed: ./app/pages/setup/__pycache__
2023-08-19 11:51:48,276 - INFO - Directory __pycache__ removed: ./app/pages/home/__pycache__
2023-08-19 11:51:48,278 - INFO - Directory __pycache__ removed: ./app/pages/setup/__pycache__
2023-08-19 11:52:06,386 - INFO - Directory __pycache__ removed: ./app/pages/home/__pycache__
2023-08-19 11:52:06,387 - INFO - Directory __pycache__ removed: ./app/pages/setup/__pycache__
2023-08-19 11:52:13,416 - INFO - Directory __pycache__ removed: ./app/pages/home/__pycache__
2023-08-19 11:52:13,417 - INFO - Directory __pycache__ removed: ./app/pages/setup/__pycache__
2023-08-19 11:52:37,562 - INFO - Directory __pycache__ removed: ./app/pages/home/__pycache__
2023-08-19 11:52:37,565 - INFO - Directory __pycache__ removed: ./app/pages/setup/__pycache__
2023-08-19 11:55:36,683 - INFO - Directory __pycache__ removed: ./app/pages/home/__pycache__
2023-08-19 11:55:36,685 - INFO - Directory __pycache__ removed: ./app/pages/setup/__pycache__
2023-08-19 12:07:46,463 - INFO - Directory created: ./app/pages/material
2023-08-19 12:07:46,464 - INFO - File created: ./app/pages/home/create.py
2023-08-19 12:07:46,464 - INFO - File created: ./app/pages/home/publish.py
2023-08-19 12:07:46,464 - INFO - File created: ./app/pages/setup/nav.py
2023-08-19 12:07:46,464 - INFO - File created: ./app/pages/setup/drawer.py
2023-08-19 12:07:46,464 - INFO - File created: ./app/pages/setup/git.py
2023-08-19 12:07:46,465 - INFO - File created: ./app/pages/setup/socials.py
2023-08-19 12:07:50,486 - INFO - Directory __pycache__ removed: ./app/pages/home/__pycache__
2023-08-19 12:07:50,487 - INFO - Directory __pycache__ removed: ./app/pages/setup/__pycache__
2023-08-19 12:12:52,570 - INFO - Directory __pycache__ removed: ./app/pages/home/__pycache__
2023-08-19 12:12:52,572 - INFO - Directory __pycache__ removed: ./app/pages/setup/__pycache__
2023-08-19 12:13:19,727 - INFO - Directory __pycache__ removed: ./app/pages/home/__pycache__
2023-08-19 12:13:19,729 - INFO - Directory __pycache__ removed: ./app/pages/setup/__pycache__
2023-08-19 12:20:00,344 - INFO - Directory __pycache__ removed: ./app/pages/home/__pycache__
2023-08-19 12:20:00,345 - INFO - Directory __pycache__ removed: ./app/pages/setup/__pycache__
2023-08-19 12:20:51,699 - INFO - Directory __pycache__ removed: ./app/pages/home/__pycache__
2023-08-19 12:20:51,702 - INFO - Directory __pycache__ removed: ./app/pages/setup/__pycache__
2023-08-19 12:22:48,420 - INFO - Directory __pycache__ removed: ./app/pages/home/__pycache__
2023-08-19 12:22:48,422 - INFO - Directory __pycache__ removed: ./app/pages/setup/__pycache__
2023-08-19 12:23:36,719 - INFO - Directory __pycache__ removed: ./app/pages/home/__pycache__
2023-08-19 12:23:36,721 - INFO - Directory __pycache__ removed: ./app/pages/setup/__pycache__
2023-08-19 12:23:43,755 - INFO - Directory __pycache__ removed: ./app/pages/home/__pycache__
2023-08-19 12:23:43,758 - INFO - Directory __pycache__ removed: ./app/pages/setup/__pycache__
2023-08-19 12:30:42,519 - INFO - Directory __pycache__ removed: ./app/pages/home/__pycache__
2023-08-19 12:30:42,524 - INFO - Directory __pycache__ removed: ./app/pages/setup/__pycache__
2023-08-19 12:31:15,744 - INFO - Directory __pycache__ removed: ./app/pages/home/__pycache__
2023-08-19 12:31:15,746 - INFO - Directory __pycache__ removed: ./app/pages/setup/__pycache__
2023-08-19 12:31:39,894 - INFO - Directory __pycache__ removed: ./app/pages/home/__pycache__
2023-08-19 12:31:39,896 - INFO - Directory __pycache__ removed: ./app/pages/setup/__pycache__
2023-08-19 12:32:03,056 - INFO - Directory __pycache__ removed: ./app/pages/home/__pycache__
2023-08-19 12:32:03,060 - INFO - Directory __pycache__ removed: ./app/pages/setup/__pycache__
2023-08-19 12:32:30,228 - INFO - Directory __pycache__ removed: ./app/pages/home/__pycache__
2023-08-19 12:32:30,230 - INFO - Directory __pycache__ removed: ./app/pages/setup/__pycache__
2023-08-19 12:34:08,825 - INFO - Directory __pycache__ removed: ./app/pages/home/__pycache__
2023-08-19 12:34:08,827 - INFO - Directory __pycache__ removed: ./app/pages/setup/__pycache__
2023-08-19 12:36:22,682 - INFO - Directory __pycache__ removed: ./app/pages/home/__pycache__
2023-08-19 12:36:22,684 - INFO - Directory __pycache__ removed: ./app/pages/setup/__pycache__
2023-08-19 12:36:48,825 - INFO - Directory __pycache__ removed: ./app/pages/home/__pycache__
2023-08-19 12:36:48,827 - INFO - Directory __pycache__ removed: ./app/pages/setup/__pycache__
2023-08-19 12:36:56,878 - INFO - Directory __pycache__ removed: ./app/pages/home/__pycache__
2023-08-19 12:36:56,881 - INFO - Directory __pycache__ removed: ./app/pages/setup/__pycache__
2023-08-19 12:38:04,317 - INFO - Directory __pycache__ removed: ./app/pages/home/__pycache__
2023-08-19 12:38:04,320 - INFO - Directory __pycache__ removed: ./app/pages/setup/__pycache__
2023-08-19 12:39:29,843 - INFO - Directory __pycache__ removed: ./app/pages/home/__pycache__
2023-08-19 12:39:29,845 - INFO - Directory __pycache__ removed: ./app/pages/setup/__pycache__
2023-08-19 12:39:52,982 - INFO - Directory __pycache__ removed: ./app/pages/home/__pycache__
2023-08-19 12:39:52,984 - INFO - Directory __pycache__ removed: ./app/pages/setup/__pycache__
2023-08-19 12:40:52,347 - INFO - Directory __pycache__ removed: ./app/pages/home/__pycache__
2023-08-19 12:40:52,349 - INFO - Directory __pycache__ removed: ./app/pages/setup/__pycache__
2023-08-19 12:42:08,824 - INFO - Directory __pycache__ removed: ./app/pages/home/__pycache__
2023-08-19 12:42:08,826 - INFO - Directory __pycache__ removed: ./app/pages/setup/__pycache__
2023-08-19 12:42:32,976 - INFO - Directory __pycache__ removed: ./app/pages/home/__pycache__
2023-08-19 12:42:32,979 - INFO - Directory __pycache__ removed: ./app/pages/setup/__pycache__
2023-08-19 12:42:39,016 - INFO - Directory __pycache__ removed: ./app/pages/home/__pycache__
2023-08-19 12:42:39,017 - INFO - Directory __pycache__ removed: ./app/pages/setup/__pycache__
2023-08-19 12:43:54,525 - INFO - Directory __pycache__ removed: ./app/pages/home/__pycache__
2023-08-19 12:43:54,527 - INFO - Directory __pycache__ removed: ./app/pages/setup/__pycache__
2023-08-19 12:44:21,696 - INFO - Directory __pycache__ removed: ./app/pages/home/__pycache__
2023-08-19 12:44:21,700 - INFO - Directory __pycache__ removed: ./app/pages/setup/__pycache__
2023-08-19 12:44:58,935 - INFO - Directory __pycache__ removed: ./app/pages/home/__pycache__
2023-08-19 12:44:58,937 - INFO - Directory __pycache__ removed: ./app/pages/setup/__pycache__
2023-08-19 12:48:52,401 - INFO - Directory __pycache__ removed: ./app/pages/home/__pycache__
2023-08-19 12:48:52,403 - INFO - Directory __pycache__ removed: ./app/pages/setup/__pycache__
2023-08-19 12:49:42,715 - INFO - Directory __pycache__ removed: ./app/pages/home/__pycache__
2023-08-19 12:49:42,717 - INFO - Directory __pycache__ removed: ./app/pages/setup/__pycache__
2023-08-19 12:52:06,668 - INFO - Directory __pycache__ removed: ./app/pages/home/__pycache__
2023-08-19 12:52:06,670 - INFO - Directory __pycache__ removed: ./app/pages/setup/__pycache__
2023-08-19 12:53:15,126 - INFO - Directory __pycache__ removed: ./app/pages/home/__pycache__
2023-08-19 12:53:15,129 - INFO - Directory __pycache__ removed: ./app/pages/setup/__pycache__
2023-08-19 12:53:43,308 - INFO - Directory __pycache__ removed: ./app/pages/home/__pycache__
2023-08-19 12:53:43,311 - INFO - Directory __pycache__ removed: ./app/pages/setup/__pycache__
2023-08-19 12:54:14,508 - INFO - Directory __pycache__ removed: ./app/pages/home/__pycache__
2023-08-19 12:54:14,510 - INFO - Directory __pycache__ removed: ./app/pages/setup/__pycache__
2023-08-19 12:54:40,672 - INFO - Directory __pycache__ removed: ./app/pages/home/__pycache__
2023-08-19 12:54:40,674 - INFO - Directory __pycache__ removed: ./app/pages/setup/__pycache__
2023-08-19 12:54:50,734 - INFO - Directory __pycache__ removed: ./app/pages/home/__pycache__
2023-08-19 12:54:50,736 - INFO - Directory __pycache__ removed: ./app/pages/setup/__pycache__
2023-08-19 12:55:28,000 - INFO - Directory __pycache__ removed: ./app/pages/home/__pycache__
2023-08-19 12:55:28,001 - INFO - Directory __pycache__ removed: ./app/pages/setup/__pycache__
2023-08-19 12:56:18,334 - INFO - Directory __pycache__ removed: ./app/pages/home/__pycache__
2023-08-19 12:56:18,335 - INFO - Directory __pycache__ removed: ./app/pages/setup/__pycache__
2023-08-19 12:56:34,431 - INFO - Directory __pycache__ removed: ./app/pages/home/__pycache__
2023-08-19 12:56:35,437 - INFO - Directory __pycache__ removed: ./app/pages/home/__pycache__
2023-08-19 12:56:35,437 - INFO - Directory __pycache__ removed: ./app/pages/setup/__pycache__
2023-08-19 12:57:16,695 - INFO - Directory __pycache__ removed: ./app/pages/home/__pycache__
2023-08-19 12:57:16,700 - INFO - Directory __pycache__ removed: ./app/pages/setup/__pycache__
2023-08-19 12:57:44,888 - INFO - Directory __pycache__ removed: ./app/pages/home/__pycache__
2023-08-19 12:57:44,892 - INFO - Directory __pycache__ removed: ./app/pages/setup/__pycache__
2023-08-19 12:57:59,980 - INFO - Directory __pycache__ removed: ./app/pages/home/__pycache__
2023-08-19 12:57:59,984 - INFO - Directory __pycache__ removed: ./app/pages/setup/__pycache__
2023-08-19 12:58:45,255 - INFO - Directory __pycache__ removed: ./app/pages/home/__pycache__
2023-08-19 12:58:45,258 - INFO - Directory __pycache__ removed: ./app/pages/setup/__pycache__
2023-08-19 12:58:59,338 - INFO - Directory __pycache__ removed: ./app/pages/home/__pycache__
2023-08-19 12:58:59,338 - INFO - Directory __pycache__ removed: ./app/pages/setup/__pycache__
2023-08-19 13:00:04,776 - INFO - Directory __pycache__ removed: ./app/pages/home/__pycache__
2023-08-19 13:00:04,781 - INFO - Directory __pycache__ removed: ./app/pages/setup/__pycache__
2023-08-19 13:00:41,015 - INFO - Directory __pycache__ removed: ./app/pages/home/__pycache__
2023-08-19 13:00:41,017 - INFO - Directory __pycache__ removed: ./app/pages/setup/__pycache__
2023-08-19 13:01:15,231 - INFO - Directory __pycache__ removed: ./app/pages/home/__pycache__
2023-08-19 13:01:15,233 - INFO - Directory __pycache__ removed: ./app/pages/setup/__pycache__
2023-08-19 13:01:38,364 - INFO - Directory __pycache__ removed: ./app/pages/home/__pycache__
2023-08-19 13:01:38,366 - INFO - Directory __pycache__ removed: ./app/pages/setup/__pycache__
2023-08-19 13:01:46,415 - INFO - Directory __pycache__ removed: ./app/pages/home/__pycache__
2023-08-19 13:01:46,418 - INFO - Directory __pycache__ removed: ./app/pages/setup/__pycache__
2023-08-19 13:35:14,899 - INFO - Directory __pycache__ removed: ./app/pages/home/__pycache__
2023-08-19 13:35:14,902 - INFO - Directory __pycache__ removed: ./app/pages/setup/__pycache__
2023-08-19 13:35:37,033 - INFO - Directory __pycache__ removed: ./app/pages/home/__pycache__
2023-08-19 13:35:37,035 - INFO - Directory __pycache__ removed: ./app/pages/setup/__pycache__
2023-08-19 13:36:25,349 - INFO - Directory __pycache__ removed: ./app/pages/home/__pycache__
2023-08-19 13:36:25,351 - INFO - Directory __pycache__ removed: ./app/pages/setup/__pycache__
2023-08-19 13:37:27,746 - INFO - Directory __pycache__ removed: ./app/pages/home/__pycache__
2023-08-19 13:37:27,751 - INFO - Directory __pycache__ removed: ./app/pages/setup/__pycache__
2023-08-19 13:40:12,833 - INFO - Directory __pycache__ removed: ./app/pages/home/__pycache__
2023-08-19 13:40:12,837 - INFO - Directory __pycache__ removed: ./app/pages/setup/__pycache__
2023-08-19 13:41:02,122 - INFO - Directory __pycache__ removed: ./app/pages/home/__pycache__
2023-08-19 13:41:02,123 - INFO - Directory __pycache__ removed: ./app/pages/setup/__pycache__
2023-08-19 13:41:13,184 - INFO - Directory __pycache__ removed: ./app/pages/home/__pycache__
2023-08-19 13:41:13,184 - INFO - Directory __pycache__ removed: ./app/pages/setup/__pycache__
2023-08-19 13:42:01,477 - INFO - Directory __pycache__ removed: ./app/pages/home/__pycache__
2023-08-19 13:42:01,479 - INFO - Directory __pycache__ removed: ./app/pages/setup/__pycache__
2023-08-19 13:45:12,667 - INFO - Directory __pycache__ removed: ./app/pages/home/__pycache__
2023-08-19 13:45:12,669 - INFO - Directory __pycache__ removed: ./app/pages/setup/__pycache__
2023-08-19 13:46:29,160 - INFO - Directory __pycache__ removed: ./app/pages/home/__pycache__
2023-08-19 13:46:29,162 - INFO - Directory __pycache__ removed: ./app/pages/setup/__pycache__
2023-08-19 13:47:49,656 - INFO - Directory __pycache__ removed: ./app/pages/home/__pycache__
2023-08-19 13:47:49,658 - INFO - Directory __pycache__ removed: ./app/pages/setup/__pycache__
2023-08-19 13:49:46,433 - INFO - Directory __pycache__ removed: ./app/pages/home/__pycache__
2023-08-19 13:49:46,436 - INFO - Directory __pycache__ removed: ./app/pages/setup/__pycache__
2023-08-19 13:53:40,934 - INFO - Directory __pycache__ removed: ./app/pages/home/__pycache__
2023-08-19 13:53:40,936 - INFO - Directory __pycache__ removed: ./app/pages/setup/__pycache__
2023-08-19 13:57:22,401 - INFO - Directory __pycache__ removed: ./app/pages/home/__pycache__
2023-08-19 13:57:22,403 - INFO - Directory __pycache__ removed: ./app/pages/setup/__pycache__
2023-08-19 13:57:42,509 - INFO - Directory __pycache__ removed: ./app/pages/home/__pycache__
2023-08-19 13:57:42,510 - INFO - Directory __pycache__ removed: ./app/pages/setup/__pycache__
2023-08-19 13:57:51,568 - INFO - Directory __pycache__ removed: ./app/pages/home/__pycache__
2023-08-19 13:57:51,570 - INFO - Directory __pycache__ removed: ./app/pages/setup/__pycache__
2023-08-19 13:57:58,612 - INFO - Directory __pycache__ removed: ./app/pages/home/__pycache__
2023-08-19 13:57:58,614 - INFO - Directory __pycache__ removed: ./app/pages/setup/__pycache__
2023-08-19 13:59:17,107 - INFO - Directory __pycache__ removed: ./app/pages/home/__pycache__
2023-08-19 13:59:17,108 - INFO - Directory __pycache__ removed: ./app/pages/setup/__pycache__
2023-08-19 13:59:22,144 - INFO - Directory __pycache__ removed: ./app/pages/home/__pycache__
2023-08-19 13:59:22,147 - INFO - Directory __pycache__ removed: ./app/pages/setup/__pycache__
2023-08-19 13:59:56,361 - INFO - Directory __pycache__ removed: ./app/pages/home/__pycache__
2023-08-19 13:59:56,365 - INFO - Directory __pycache__ removed: ./app/pages/setup/__pycache__
2023-08-19 14:00:14,476 - INFO - Directory __pycache__ removed: ./app/pages/home/__pycache__
2023-08-19 14:00:14,479 - INFO - Directory __pycache__ removed: ./app/pages/setup/__pycache__
2023-08-19 14:00:31,579 - INFO - Directory __pycache__ removed: ./app/pages/home/__pycache__
2023-08-19 14:00:31,582 - INFO - Directory __pycache__ removed: ./app/pages/setup/__pycache__
2023-08-19 14:04:47,361 - INFO - Directory __pycache__ removed: ./app/pages/home/__pycache__
2023-08-19 14:04:47,365 - INFO - Directory __pycache__ removed: ./app/pages/setup/__pycache__
2023-08-19 14:05:15,544 - INFO - Directory __pycache__ removed: ./app/pages/home/__pycache__
2023-08-19 14:05:15,547 - INFO - Directory __pycache__ removed: ./app/pages/setup/__pycache__
2023-08-19 14:05:39,683 - INFO - Directory __pycache__ removed: ./app/pages/home/__pycache__
2023-08-19 14:05:39,685 - INFO - Directory __pycache__ removed: ./app/pages/setup/__pycache__
2023-08-19 14:05:52,762 - INFO - Directory __pycache__ removed: ./app/pages/home/__pycache__
2023-08-19 14:05:52,764 - INFO - Directory __pycache__ removed: ./app/pages/setup/__pycache__
2023-08-19 14:10:26,462 - INFO - Directory __pycache__ removed: ./app/pages/home/__pycache__
2023-08-19 14:10:26,464 - INFO - Directory __pycache__ removed: ./app/pages/setup/__pycache__
2023-08-19 14:11:08,722 - INFO - Directory __pycache__ removed: ./app/pages/home/__pycache__
2023-08-19 14:11:08,723 - INFO - Directory __pycache__ removed: ./app/pages/setup/__pycache__
2023-08-19 15:16:30,053 - INFO - Directory __pycache__ removed: ./app/pages/home/__pycache__
2023-08-19 15:16:30,054 - INFO - Directory __pycache__ removed: ./app/pages/setup/__pycache__
2023-08-19 15:18:31,764 - INFO - Directory __pycache__ removed: ./app/pages/home/__pycache__
2023-08-19 15:18:32,771 - INFO - Directory __pycache__ removed: ./app/pages/home/__pycache__
2023-08-19 15:18:32,773 - INFO - Directory __pycache__ removed: ./app/pages/setup/__pycache__
2023-08-19 15:23:16,628 - INFO - Directory __pycache__ removed: ./app/pages/home/__pycache__
2023-08-19 15:23:16,629 - INFO - Directory __pycache__ removed: ./app/pages/setup/__pycache__
2023-08-19 15:43:05,532 - INFO - Directory __pycache__ removed: ./app/pages/home/__pycache__
2023-08-19 15:43:05,534 - INFO - Directory __pycache__ removed: ./app/pages/setup/__pycache__
2023-08-19 15:43:16,593 - INFO - Directory __pycache__ removed: ./app/pages/home/__pycache__
2023-08-19 15:43:16,595 - INFO - Directory __pycache__ removed: ./app/pages/setup/__pycache__
2023-08-19 15:44:03,900 - INFO - Directory __pycache__ removed: ./app/pages/home/__pycache__
2023-08-19 15:44:03,903 - INFO - Directory __pycache__ removed: ./app/pages/setup/__pycache__
2023-08-19 15:45:11,321 - INFO - Directory __pycache__ removed: ./app/pages/home/__pycache__
2023-08-19 15:45:11,323 - INFO - Directory __pycache__ removed: ./app/pages/setup/__pycache__
2023-08-19 15:45:44,502 - INFO - Directory __pycache__ removed: ./app/pages/home/__pycache__
2023-08-19 15:45:44,503 - INFO - Directory __pycache__ removed: ./app/pages/setup/__pycache__
2023-08-19 15:46:06,621 - INFO - Directory __pycache__ removed: ./app/pages/home/__pycache__
2023-08-19 15:46:06,622 - INFO - Directory __pycache__ removed: ./app/pages/setup/__pycache__
2023-08-19 15:46:18,692 - INFO - Directory __pycache__ removed: ./app/pages/home/__pycache__
2023-08-19 15:46:18,693 - INFO - Directory __pycache__ removed: ./app/pages/setup/__pycache__
2023-08-19 15:46:34,789 - INFO - Directory __pycache__ removed: ./app/pages/home/__pycache__
2023-08-19 15:46:34,791 - INFO - Directory __pycache__ removed: ./app/pages/setup/__pycache__
2023-08-19 15:49:55,029 - INFO - Directory __pycache__ removed: ./app/pages/home/__pycache__
2023-08-19 15:49:55,030 - INFO - Directory __pycache__ removed: ./app/pages/setup/__pycache__
2023-08-19 15:49:56,037 - INFO - Directory __pycache__ removed: ./app/pages/setup/__pycache__
2023-08-19 15:50:39,335 - INFO - Directory __pycache__ removed: ./app/pages/home/__pycache__
2023-08-19 15:50:39,337 - INFO - Directory __pycache__ removed: ./app/pages/setup/__pycache__
2023-08-19 15:51:01,487 - INFO - Directory __pycache__ removed: ./app/pages/home/__pycache__
2023-08-19 15:51:01,490 - INFO - Directory __pycache__ removed: ./app/pages/setup/__pycache__
2023-08-19 15:51:27,636 - INFO - Directory __pycache__ removed: ./app/pages/home/__pycache__
2023-08-19 15:51:27,639 - INFO - Directory __pycache__ removed: ./app/pages/setup/__pycache__
2023-08-19 15:51:36,690 - INFO - Directory __pycache__ removed: ./app/pages/home/__pycache__
2023-08-19 15:51:36,693 - INFO - Directory __pycache__ removed: ./app/pages/setup/__pycache__
2023-08-19 15:52:03,853 - INFO - Directory __pycache__ removed: ./app/pages/home/__pycache__
2023-08-19 15:52:03,854 - INFO - Directory __pycache__ removed: ./app/pages/setup/__pycache__
2023-08-19 15:52:33,064 - INFO - Directory __pycache__ removed: ./app/pages/home/__pycache__
2023-08-19 15:52:33,066 - INFO - Directory __pycache__ removed: ./app/pages/setup/__pycache__
2023-08-19 15:57:00,824 - INFO - Directory __pycache__ removed: ./app/pages/home/__pycache__
2023-08-19 15:57:00,826 - INFO - Directory __pycache__ removed: ./app/pages/setup/__pycache__
2023-08-19 15:59:13,666 - INFO - Directory __pycache__ removed: ./app/pages/home/__pycache__
2023-08-19 15:59:13,667 - INFO - Directory __pycache__ removed: ./app/pages/setup/__pycache__
2023-08-19 16:02:02,739 - INFO - Directory __pycache__ removed: ./app/pages/home/__pycache__
2023-08-19 16:02:02,741 - INFO - Directory __pycache__ removed: ./app/pages/setup/__pycache__
2023-08-19 16:02:33,948 - INFO - Directory __pycache__ removed: ./app/pages/home/__pycache__
2023-08-19 16:02:33,952 - INFO - Directory __pycache__ removed: ./app/pages/setup/__pycache__
2023-08-19 16:02:52,052 - INFO - Directory removed: ./app/pages/material
2023-08-19 16:02:52,052 - INFO - Directory created: ./app/pages/license
2023-08-19 16:02:52,053 - INFO - File created: ./app/pages/license/lice.py
2023-08-19 16:02:56,077 - INFO - Directory __pycache__ removed: ./app/pages/home/__pycache__
2023-08-19 16:02:56,078 - INFO - Directory __pycache__ removed: ./app/pages/license/__pycache__
2023-08-19 16:02:56,078 - INFO - Directory __pycache__ removed: ./app/pages/setup/__pycache__
2023-08-19 16:04:32,618 - INFO - Directory __pycache__ removed: ./app/pages/home/__pycache__
2023-08-19 16:04:32,620 - INFO - Directory __pycache__ removed: ./app/pages/license/__pycache__
2023-08-19 16:04:32,620 - INFO - Directory __pycache__ removed: ./app/pages/setup/__pycache__
2023-08-19 16:04:40,665 - INFO - Directory __pycache__ removed: ./app/pages/home/__pycache__
2023-08-19 16:04:40,666 - INFO - Directory __pycache__ removed: ./app/pages/license/__pycache__
2023-08-19 16:04:40,668 - INFO - Directory __pycache__ removed: ./app/pages/setup/__pycache__
2023-08-19 16:05:39,040 - INFO - Directory __pycache__ removed: ./app/pages/home/__pycache__
2023-08-19 16:05:39,042 - INFO - Directory __pycache__ removed: ./app/pages/license/__pycache__
2023-08-19 16:05:39,043 - INFO - Directory __pycache__ removed: ./app/pages/setup/__pycache__
2023-08-19 16:06:12,245 - INFO - Directory __pycache__ removed: ./app/pages/home/__pycache__
2023-08-19 16:06:12,247 - INFO - Directory __pycache__ removed: ./app/pages/license/__pycache__
2023-08-19 16:06:12,249 - INFO - Directory __pycache__ removed: ./app/pages/setup/__pycache__
2023-08-19 16:08:01,938 - INFO - Directory __pycache__ removed: ./app/pages/home/__pycache__
2023-08-19 16:08:01,941 - INFO - Directory __pycache__ removed: ./app/pages/license/__pycache__
2023-08-19 16:08:01,946 - INFO - Directory __pycache__ removed: ./app/pages/setup/__pycache__
2023-08-19 16:09:13,007 - INFO - Program interrupted. Exiting...
2023-08-24 14:18:01,849 - INFO - Program started. Monitoring config.py file...
2023-08-24 14:18:01,853 - INFO - Directory __pycache__ removed: ./app/pages/home/__pycache__
2023-08-24 14:18:01,854 - INFO - Directory __pycache__ removed: ./app/pages/setup/__pycache__
2023-08-24 14:18:01,854 - INFO - Directory created: ./app/pages/material
2023-08-24 14:18:01,855 - INFO - File created: ./app/pages/material/material_setup.py
2023-08-24 14:18:01,855 - INFO - File created: ./app/pages/material/material_accordion.py
2023-08-24 14:18:54,254 - INFO - Directory __pycache__ removed: ./app/pages/home/__pycache__
2023-08-24 14:18:54,256 - INFO - Directory __pycache__ removed: ./app/pages/setup/__pycache__
2023-08-24 14:18:54,257 - INFO - Directory __pycache__ removed: ./app/pages/material/__pycache__
2023-08-24 14:19:05,320 - INFO - Directory __pycache__ removed: ./app/pages/home/__pycache__
2023-08-24 14:19:05,321 - INFO - Directory __pycache__ removed: ./app/pages/setup/__pycache__
2023-08-24 14:19:05,321 - INFO - Directory __pycache__ removed: ./app/pages/material/__pycache__
2023-08-24 14:20:50,023 - INFO - Directory __pycache__ removed: ./app/pages/home/__pycache__
2023-08-24 14:20:50,024 - INFO - Directory __pycache__ removed: ./app/pages/setup/__pycache__
2023-08-24 14:20:50,024 - INFO - Directory __pycache__ removed: ./app/pages/material/__pycache__
2023-08-24 14:21:02,093 - INFO - Directory __pycache__ removed: ./app/pages/home/__pycache__
2023-08-24 14:21:02,093 - INFO - Directory __pycache__ removed: ./app/pages/setup/__pycache__
2023-08-24 14:21:02,094 - INFO - Directory __pycache__ removed: ./app/pages/material/__pycache__
2023-08-24 14:22:04,488 - INFO - Directory __pycache__ removed: ./app/pages/home/__pycache__
2023-08-24 14:22:04,489 - INFO - Directory __pycache__ removed: ./app/pages/setup/__pycache__
2023-08-24 14:22:04,490 - INFO - Directory __pycache__ removed: ./app/pages/material/__pycache__
2023-08-24 14:23:33,117 - INFO - Directory __pycache__ removed: ./app/pages/home/__pycache__
2023-08-24 14:23:33,119 - INFO - Directory __pycache__ removed: ./app/pages/setup/__pycache__
2023-08-24 14:23:33,119 - INFO - Directory __pycache__ removed: ./app/pages/material/__pycache__
2023-08-24 14:23:52,240 - INFO - Directory __pycache__ removed: ./app/pages/home/__pycache__
2023-08-24 14:23:52,241 - INFO - Directory __pycache__ removed: ./app/pages/setup/__pycache__
2023-08-24 14:23:52,241 - INFO - Directory __pycache__ removed: ./app/pages/material/__pycache__
2023-08-24 14:24:03,312 - INFO - Directory __pycache__ removed: ./app/pages/home/__pycache__
2023-08-24 14:24:03,313 - INFO - Directory __pycache__ removed: ./app/pages/setup/__pycache__
2023-08-24 14:24:03,314 - INFO - Directory __pycache__ removed: ./app/pages/material/__pycache__
2023-08-24 14:24:27,444 - INFO - Directory __pycache__ removed: ./app/pages/home/__pycache__
2023-08-24 14:24:27,446 - INFO - Directory __pycache__ removed: ./app/pages/setup/__pycache__
2023-08-24 14:24:27,446 - INFO - Directory __pycache__ removed: ./app/pages/material/__pycache__
2023-08-24 14:25:09,718 - INFO - File removed: ./app/pages/material/material_accordion.py
2023-08-24 14:25:09,718 - INFO - File removed: ./app/pages/material/material_setup.py
2023-08-24 14:25:09,719 - INFO - File created: ./app/pages/material/setup.py
2023-08-24 14:25:09,719 - INFO - File created: ./app/pages/material/accordion.py
2023-08-24 14:25:13,742 - INFO - Directory __pycache__ removed: ./app/pages/home/__pycache__
2023-08-24 14:25:13,743 - INFO - Directory __pycache__ removed: ./app/pages/setup/__pycache__
2023-08-24 14:25:13,744 - INFO - Directory __pycache__ removed: ./app/pages/material/__pycache__
2023-08-24 14:25:28,816 - INFO - Directory __pycache__ removed: ./app/pages/home/__pycache__
2023-08-24 14:25:28,817 - INFO - Directory __pycache__ removed: ./app/pages/setup/__pycache__
2023-08-24 14:25:28,818 - INFO - Directory __pycache__ removed: ./app/pages/material/__pycache__
2023-08-24 14:33:47,454 - INFO - Directory __pycache__ removed: ./app/pages/home/__pycache__
2023-08-24 14:33:47,457 - INFO - Directory __pycache__ removed: ./app/pages/setup/__pycache__
2023-08-24 14:33:47,458 - INFO - Directory __pycache__ removed: ./app/pages/material/__pycache__
2023-08-24 14:34:03,533 - INFO - Directory __pycache__ removed: ./app/pages/home/__pycache__
2023-08-24 14:34:03,536 - INFO - Directory __pycache__ removed: ./app/pages/setup/__pycache__
2023-08-24 14:34:03,537 - INFO - Directory __pycache__ removed: ./app/pages/material/__pycache__
2023-08-24 14:34:35,737 - INFO - Directory __pycache__ removed: ./app/pages/home/__pycache__
2023-08-24 14:34:35,739 - INFO - Directory __pycache__ removed: ./app/pages/setup/__pycache__
2023-08-24 14:34:35,739 - INFO - Directory __pycache__ removed: ./app/pages/material/__pycache__
2023-08-24 14:36:11,369 - INFO - Directory __pycache__ removed: ./app/pages/home/__pycache__
2023-08-24 14:36:11,371 - INFO - Directory __pycache__ removed: ./app/pages/setup/__pycache__
2023-08-24 14:36:11,371 - INFO - Directory __pycache__ removed: ./app/pages/material/__pycache__
2023-08-24 14:36:31,474 - INFO - Directory __pycache__ removed: ./app/pages/home/__pycache__
2023-08-24 14:36:31,475 - INFO - Directory __pycache__ removed: ./app/pages/setup/__pycache__
2023-08-24 14:36:31,475 - INFO - Directory __pycache__ removed: ./app/pages/material/__pycache__
2023-08-24 14:37:07,679 - INFO - Directory __pycache__ removed: ./app/pages/home/__pycache__
2023-08-24 14:37:07,680 - INFO - Directory __pycache__ removed: ./app/pages/setup/__pycache__
2023-08-24 14:37:07,680 - INFO - Directory __pycache__ removed: ./app/pages/material/__pycache__
2023-08-24 14:39:13,517 - INFO - Directory __pycache__ removed: ./app/pages/home/__pycache__
2023-08-24 14:39:13,519 - INFO - Directory __pycache__ removed: ./app/pages/setup/__pycache__
2023-08-24 14:39:13,519 - INFO - Directory __pycache__ removed: ./app/pages/material/__pycache__
2023-08-24 14:40:07,860 - INFO - Directory __pycache__ removed: ./app/pages/home/__pycache__
2023-08-24 14:40:07,861 - INFO - Directory __pycache__ removed: ./app/pages/setup/__pycache__
2023-08-24 14:40:07,861 - INFO - Directory __pycache__ removed: ./app/pages/material/__pycache__
2023-08-24 14:42:22,769 - INFO - Directory __pycache__ removed: ./app/pages/home/__pycache__
2023-08-24 14:42:22,771 - INFO - Directory __pycache__ removed: ./app/pages/setup/__pycache__
2023-08-24 14:42:22,772 - INFO - Directory __pycache__ removed: ./app/pages/material/__pycache__
2023-08-24 14:43:00,000 - INFO - Directory __pycache__ removed: ./app/pages/home/__pycache__
2023-08-24 14:43:00,001 - INFO - Directory __pycache__ removed: ./app/pages/setup/__pycache__
2023-08-24 14:43:00,001 - INFO - Directory __pycache__ removed: ./app/pages/material/__pycache__
2023-08-24 14:43:47,261 - INFO - Directory __pycache__ removed: ./app/pages/home/__pycache__
2023-08-24 14:43:47,262 - INFO - Directory __pycache__ removed: ./app/pages/setup/__pycache__
2023-08-24 14:43:47,263 - INFO - Directory __pycache__ removed: ./app/pages/material/__pycache__
2023-08-24 14:46:19,293 - INFO - Directory __pycache__ removed: ./app/pages/home/__pycache__
2023-08-24 14:46:19,294 - INFO - Directory __pycache__ removed: ./app/pages/setup/__pycache__
2023-08-24 14:46:19,295 - INFO - Directory __pycache__ removed: ./app/pages/material/__pycache__
2023-08-24 14:46:55,521 - INFO - Directory __pycache__ removed: ./app/pages/home/__pycache__
2023-08-24 14:46:55,522 - INFO - Directory __pycache__ removed: ./app/pages/setup/__pycache__
2023-08-24 14:46:55,522 - INFO - Directory __pycache__ removed: ./app/pages/material/__pycache__
2023-08-24 14:47:15,624 - INFO - Directory __pycache__ removed: ./app/pages/home/__pycache__
2023-08-24 14:47:15,625 - INFO - Directory __pycache__ removed: ./app/pages/setup/__pycache__
2023-08-24 14:47:15,625 - INFO - Directory __pycache__ removed: ./app/pages/material/__pycache__
2023-08-24 14:49:38,540 - INFO - Directory __pycache__ removed: ./app/pages/home/__pycache__
2023-08-24 14:49:38,542 - INFO - Directory __pycache__ removed: ./app/pages/setup/__pycache__
2023-08-24 14:49:38,542 - INFO - Directory __pycache__ removed: ./app/pages/material/__pycache__
2023-08-24 14:49:41,561 - INFO - Directory __pycache__ removed: ./app/pages/home/__pycache__
2023-08-24 14:49:41,562 - INFO - Directory __pycache__ removed: ./app/pages/setup/__pycache__
2023-08-24 14:49:41,562 - INFO - Directory __pycache__ removed: ./app/pages/material/__pycache__
2023-08-24 14:51:42,416 - INFO - Directory __pycache__ removed: ./app/pages/home/__pycache__
2023-08-24 14:51:42,418 - INFO - Directory __pycache__ removed: ./app/pages/setup/__pycache__
2023-08-24 14:51:42,418 - INFO - Directory __pycache__ removed: ./app/pages/material/__pycache__
2023-08-24 14:52:07,573 - INFO - Directory __pycache__ removed: ./app/pages/home/__pycache__
2023-08-24 14:52:07,575 - INFO - Directory __pycache__ removed: ./app/pages/setup/__pycache__
2023-08-24 14:52:07,576 - INFO - Directory __pycache__ removed: ./app/pages/material/__pycache__
2023-08-24 14:53:14,035 - INFO - Directory __pycache__ removed: ./app/pages/home/__pycache__
2023-08-24 14:53:14,037 - INFO - Directory __pycache__ removed: ./app/pages/setup/__pycache__
2023-08-24 14:53:14,038 - INFO - Directory __pycache__ removed: ./app/pages/material/__pycache__
2023-08-24 14:53:40,218 - INFO - Directory __pycache__ removed: ./app/pages/home/__pycache__
2023-08-24 14:53:40,219 - INFO - Directory __pycache__ removed: ./app/pages/setup/__pycache__
2023-08-24 14:53:40,220 - INFO - Directory __pycache__ removed: ./app/pages/material/__pycache__
2023-08-24 14:53:52,279 - INFO - Directory __pycache__ removed: ./app/pages/home/__pycache__
2023-08-24 14:53:52,280 - INFO - Directory __pycache__ removed: ./app/pages/setup/__pycache__
2023-08-24 14:53:52,280 - INFO - Directory __pycache__ removed: ./app/pages/material/__pycache__
2023-08-24 14:53:58,308 - INFO - Directory __pycache__ removed: ./app/pages/home/__pycache__
2023-08-24 14:53:58,308 - INFO - Directory __pycache__ removed: ./app/pages/setup/__pycache__
2023-08-24 14:53:58,309 - INFO - Directory __pycache__ removed: ./app/pages/material/__pycache__
2023-08-24 14:55:27,892 - INFO - Directory __pycache__ removed: ./app/pages/home/__pycache__
2023-08-24 14:55:27,894 - INFO - Directory __pycache__ removed: ./app/pages/setup/__pycache__
2023-08-24 14:55:27,894 - INFO - Directory __pycache__ removed: ./app/pages/material/__pycache__
2023-08-24 14:55:42,977 - INFO - Directory __pycache__ removed: ./app/pages/home/__pycache__
2023-08-24 14:55:42,979 - INFO - Directory __pycache__ removed: ./app/pages/setup/__pycache__
2023-08-24 14:55:42,980 - INFO - Directory __pycache__ removed: ./app/pages/material/__pycache__
2023-08-24 14:56:12,166 - INFO - Directory __pycache__ removed: ./app/pages/home/__pycache__
2023-08-24 14:56:12,168 - INFO - Directory __pycache__ removed: ./app/pages/setup/__pycache__
2023-08-24 14:56:12,168 - INFO - Directory __pycache__ removed: ./app/pages/material/__pycache__
2023-08-24 14:56:18,202 - INFO - Directory __pycache__ removed: ./app/pages/home/__pycache__
2023-08-24 14:56:18,203 - INFO - Directory __pycache__ removed: ./app/pages/setup/__pycache__
2023-08-24 14:56:18,204 - INFO - Directory __pycache__ removed: ./app/pages/material/__pycache__
2023-08-24 14:57:01,494 - INFO - Directory __pycache__ removed: ./app/pages/home/__pycache__
2023-08-24 14:57:01,495 - INFO - Directory __pycache__ removed: ./app/pages/setup/__pycache__
2023-08-24 14:57:01,495 - INFO - Directory __pycache__ removed: ./app/pages/material/__pycache__
2023-08-24 14:58:13,974 - INFO - Directory __pycache__ removed: ./app/pages/home/__pycache__
2023-08-24 14:58:13,976 - INFO - Directory __pycache__ removed: ./app/pages/setup/__pycache__
2023-08-24 14:58:13,977 - INFO - Directory __pycache__ removed: ./app/pages/material/__pycache__
2023-08-24 14:59:55,647 - INFO - Directory __pycache__ removed: ./app/pages/home/__pycache__
2023-08-24 14:59:55,649 - INFO - Directory __pycache__ removed: ./app/pages/setup/__pycache__
2023-08-24 14:59:55,650 - INFO - Directory __pycache__ removed: ./app/pages/material/__pycache__
2023-08-24 15:01:33,227 - INFO - Directory __pycache__ removed: ./app/pages/home/__pycache__
2023-08-24 15:01:33,229 - INFO - Directory __pycache__ removed: ./app/pages/setup/__pycache__
2023-08-24 15:01:33,229 - INFO - Directory __pycache__ removed: ./app/pages/material/__pycache__
2023-08-24 15:01:36,248 - INFO - Directory __pycache__ removed: ./app/pages/home/__pycache__
2023-08-24 15:01:36,250 - INFO - Directory __pycache__ removed: ./app/pages/setup/__pycache__
2023-08-24 15:01:36,251 - INFO - Directory __pycache__ removed: ./app/pages/material/__pycache__
2023-08-24 15:02:09,447 - INFO - Directory __pycache__ removed: ./app/pages/home/__pycache__
2023-08-24 15:02:09,449 - INFO - Directory __pycache__ removed: ./app/pages/setup/__pycache__
2023-08-24 15:02:09,449 - INFO - Directory __pycache__ removed: ./app/pages/material/__pycache__
2023-08-24 15:02:20,505 - INFO - Directory __pycache__ removed: ./app/pages/home/__pycache__
2023-08-24 15:02:20,507 - INFO - Directory __pycache__ removed: ./app/pages/setup/__pycache__
2023-08-24 15:02:20,508 - INFO - Directory __pycache__ removed: ./app/pages/material/__pycache__
2023-08-24 15:02:50,689 - INFO - Directory __pycache__ removed: ./app/pages/home/__pycache__
2023-08-24 15:02:50,691 - INFO - Directory __pycache__ removed: ./app/pages/setup/__pycache__
2023-08-24 15:02:50,692 - INFO - Directory __pycache__ removed: ./app/pages/material/__pycache__
2023-08-24 15:04:03,131 - INFO - Directory __pycache__ removed: ./app/pages/home/__pycache__
2023-08-24 15:04:03,133 - INFO - Directory __pycache__ removed: ./app/pages/setup/__pycache__
2023-08-24 15:04:03,134 - INFO - Directory __pycache__ removed: ./app/pages/material/__pycache__
2023-08-24 15:05:15,579 - INFO - Directory __pycache__ removed: ./app/pages/home/__pycache__
2023-08-24 15:05:15,580 - INFO - Directory __pycache__ removed: ./app/pages/setup/__pycache__
2023-08-24 15:05:15,580 - INFO - Directory __pycache__ removed: ./app/pages/material/__pycache__
2023-08-24 15:05:44,756 - INFO - Directory __pycache__ removed: ./app/pages/home/__pycache__
2023-08-24 15:05:44,757 - INFO - Directory __pycache__ removed: ./app/pages/setup/__pycache__
2023-08-24 15:05:44,758 - INFO - Directory __pycache__ removed: ./app/pages/material/__pycache__
2023-08-24 15:09:06,021 - INFO - Directory __pycache__ removed: ./app/pages/home/__pycache__
2023-08-24 15:09:06,023 - INFO - Directory __pycache__ removed: ./app/pages/setup/__pycache__
2023-08-24 15:09:06,023 - INFO - Directory __pycache__ removed: ./app/pages/material/__pycache__
2023-08-24 15:11:32,954 - INFO - Directory __pycache__ removed: ./app/pages/home/__pycache__
2023-08-24 15:11:32,956 - INFO - Directory __pycache__ removed: ./app/pages/setup/__pycache__
2023-08-24 15:11:32,956 - INFO - Directory __pycache__ removed: ./app/pages/material/__pycache__
2023-08-24 15:11:53,077 - INFO - Directory __pycache__ removed: ./app/pages/home/__pycache__
2023-08-24 15:11:53,079 - INFO - Directory __pycache__ removed: ./app/pages/setup/__pycache__
2023-08-24 15:11:53,079 - INFO - Directory __pycache__ removed: ./app/pages/material/__pycache__
2023-08-24 15:12:05,136 - INFO - Directory __pycache__ removed: ./app/pages/home/__pycache__
2023-08-24 15:12:05,137 - INFO - Directory __pycache__ removed: ./app/pages/setup/__pycache__
2023-08-24 15:12:05,137 - INFO - Directory __pycache__ removed: ./app/pages/material/__pycache__
2023-08-24 15:12:32,294 - INFO - Directory __pycache__ removed: ./app/pages/home/__pycache__
2023-08-24 15:12:32,297 - INFO - Directory __pycache__ removed: ./app/pages/setup/__pycache__
2023-08-24 15:12:32,297 - INFO - Directory __pycache__ removed: ./app/pages/material/__pycache__
2023-08-24 15:13:38,730 - INFO - Directory __pycache__ removed: ./app/pages/home/__pycache__
2023-08-24 15:13:38,733 - INFO - Directory __pycache__ removed: ./app/pages/setup/__pycache__
2023-08-24 15:13:38,733 - INFO - Directory __pycache__ removed: ./app/pages/material/__pycache__
2023-08-24 15:14:33,051 - INFO - Directory __pycache__ removed: ./app/pages/home/__pycache__
2023-08-24 15:14:33,053 - INFO - Directory __pycache__ removed: ./app/pages/setup/__pycache__
2023-08-24 15:14:33,054 - INFO - Directory __pycache__ removed: ./app/pages/material/__pycache__
2023-08-24 15:14:49,146 - INFO - Directory __pycache__ removed: ./app/pages/home/__pycache__
2023-08-24 15:14:49,150 - INFO - Directory __pycache__ removed: ./app/pages/setup/__pycache__
2023-08-24 15:14:49,151 - INFO - Directory __pycache__ removed: ./app/pages/material/__pycache__
2023-08-24 15:15:20,346 - INFO - Directory __pycache__ removed: ./app/pages/home/__pycache__
2023-08-24 15:15:20,348 - INFO - Directory __pycache__ removed: ./app/pages/setup/__pycache__
2023-08-24 15:15:20,349 - INFO - Directory __pycache__ removed: ./app/pages/material/__pycache__
2023-08-24 15:15:27,384 - INFO - Directory __pycache__ removed: ./app/pages/home/__pycache__
2023-08-24 15:16:16,709 - INFO - Directory __pycache__ removed: ./app/pages/home/__pycache__
2023-08-24 15:16:16,710 - INFO - Directory __pycache__ removed: ./app/pages/setup/__pycache__
2023-08-24 15:16:16,710 - INFO - Directory __pycache__ removed: ./app/pages/material/__pycache__
2023-08-24 15:17:24,151 - INFO - Directory __pycache__ removed: ./app/pages/home/__pycache__
2023-08-24 15:17:24,153 - INFO - Directory __pycache__ removed: ./app/pages/setup/__pycache__
2023-08-24 15:17:24,153 - INFO - Directory __pycache__ removed: ./app/pages/material/__pycache__
2023-08-24 15:18:08,415 - INFO - Directory __pycache__ removed: ./app/pages/home/__pycache__
2023-08-24 15:18:08,419 - INFO - Directory __pycache__ removed: ./app/pages/setup/__pycache__
2023-08-24 15:18:08,420 - INFO - Directory __pycache__ removed: ./app/pages/material/__pycache__
2023-08-24 15:18:31,554 - INFO - Directory __pycache__ removed: ./app/pages/home/__pycache__
2023-08-24 15:18:31,556 - INFO - Directory __pycache__ removed: ./app/pages/setup/__pycache__
2023-08-24 15:18:31,556 - INFO - Directory __pycache__ removed: ./app/pages/material/__pycache__
2023-08-24 15:19:05,762 - INFO - Directory __pycache__ removed: ./app/pages/home/__pycache__
2023-08-24 15:19:05,766 - INFO - Directory __pycache__ removed: ./app/pages/setup/__pycache__
2023-08-24 15:19:05,766 - INFO - Directory __pycache__ removed: ./app/pages/material/__pycache__
2023-08-24 15:19:27,903 - INFO - Directory __pycache__ removed: ./app/pages/home/__pycache__
2023-08-24 15:19:27,905 - INFO - Directory __pycache__ removed: ./app/pages/setup/__pycache__
2023-08-24 15:19:27,905 - INFO - Directory __pycache__ removed: ./app/pages/material/__pycache__
2023-08-24 15:20:02,152 - INFO - Directory __pycache__ removed: ./app/pages/home/__pycache__
2023-08-24 15:20:02,172 - INFO - Directory __pycache__ removed: ./app/pages/setup/__pycache__
2023-08-24 15:20:02,172 - INFO - Directory __pycache__ removed: ./app/pages/material/__pycache__
2023-08-24 15:20:35,383 - INFO - Directory __pycache__ removed: ./app/pages/home/__pycache__
2023-08-24 15:20:35,385 - INFO - Directory __pycache__ removed: ./app/pages/setup/__pycache__
2023-08-24 15:20:35,385 - INFO - Directory __pycache__ removed: ./app/pages/material/__pycache__
2023-08-24 15:21:14,651 - INFO - Directory __pycache__ removed: ./app/pages/home/__pycache__
2023-08-24 15:21:14,656 - INFO - Directory __pycache__ removed: ./app/pages/setup/__pycache__
2023-08-24 15:21:14,657 - INFO - Directory __pycache__ removed: ./app/pages/material/__pycache__
2023-08-24 15:21:40,810 - INFO - Directory __pycache__ removed: ./app/pages/home/__pycache__
2023-08-24 15:21:40,811 - INFO - Directory __pycache__ removed: ./app/pages/setup/__pycache__
2023-08-24 15:21:40,812 - INFO - Directory __pycache__ removed: ./app/pages/material/__pycache__
2023-08-24 15:21:50,868 - INFO - Directory __pycache__ removed: ./app/pages/home/__pycache__
2023-08-24 15:21:50,869 - INFO - Directory __pycache__ removed: ./app/pages/setup/__pycache__
2023-08-24 15:21:50,869 - INFO - Directory __pycache__ removed: ./app/pages/material/__pycache__
2023-08-24 15:21:57,908 - INFO - Directory __pycache__ removed: ./app/pages/home/__pycache__
2023-08-24 15:21:57,909 - INFO - Directory __pycache__ removed: ./app/pages/setup/__pycache__
2023-08-24 15:21:57,909 - INFO - Directory __pycache__ removed: ./app/pages/material/__pycache__
2023-08-24 15:22:36,151 - INFO - Directory __pycache__ removed: ./app/pages/home/__pycache__
2023-08-24 15:22:36,153 - INFO - Directory __pycache__ removed: ./app/pages/setup/__pycache__
2023-08-24 15:22:36,153 - INFO - Directory __pycache__ removed: ./app/pages/material/__pycache__
2023-08-24 15:26:54,771 - INFO - Directory __pycache__ removed: ./app/pages/home/__pycache__
2023-08-24 15:26:54,774 - INFO - Directory __pycache__ removed: ./app/pages/setup/__pycache__
2023-08-24 15:26:54,775 - INFO - Directory __pycache__ removed: ./app/pages/material/__pycache__
2023-08-24 15:27:13,876 - INFO - Directory __pycache__ removed: ./app/pages/home/__pycache__
2023-08-24 15:27:13,877 - INFO - Directory __pycache__ removed: ./app/pages/setup/__pycache__
2023-08-24 15:27:13,877 - INFO - Directory __pycache__ removed: ./app/pages/material/__pycache__
2023-08-24 15:28:11,249 - INFO - Directory __pycache__ removed: ./app/pages/home/__pycache__
2023-08-24 15:28:11,251 - INFO - Directory __pycache__ removed: ./app/pages/setup/__pycache__
2023-08-24 15:28:11,251 - INFO - Directory __pycache__ removed: ./app/pages/material/__pycache__
2023-08-24 15:28:55,520 - INFO - Directory __pycache__ removed: ./app/pages/home/__pycache__
2023-08-24 15:28:55,524 - INFO - Directory __pycache__ removed: ./app/pages/setup/__pycache__
2023-08-24 15:28:55,526 - INFO - Directory __pycache__ removed: ./app/pages/material/__pycache__
2023-08-24 15:29:50,243 - INFO - Program interrupted. Exiting...
